<?xml version="1.0" encoding="UTF-8"?>
<testsuite xmlns:xsi="http://www.w3.org/2001/XMLSchema-instance" xsi:noNamespaceSchemaLocation="https://maven.apache.org/surefire/maven-surefire-plugin/xsd/surefire-test-report.xsd" name="com.dbx.DbxImplementationTest" time="0.911" tests="5" errors="0" skipped="0" failures="0">
  <properties>
[...]
</properties>
  <testcase name="testCreateAndTrainModel" classname="com.dbx.DbxImplementationTest" time="0.88"/>
  <testcase name="testMakePrediction" classname="com.dbx.DbxImplementationTest" time="0.011"/>
  <testcase name="testMakePredictionv2" classname="com.dbx.DbxImplementationTest" time="0.002"/>
  <testcase name="testConnectDatabase" classname="com.dbx.DbxImplementationTest" time="0.004"/>
  <testcase name="testModelState" classname="com.dbx.DbxImplementationTest" time="0.002"/>
</testsuite>